<?xml version="1.0" encoding="UTF-8"?>
<!-- Generated by org.testng.reporters.JUnitReportReporter -->
<testsuite skipped="0" hostname="abokhlaifa" name="tests.TC01_addEmployee" tests="9" failures="0" timestamp="31 Aug 2019 15:30:47 GMT" time="4.824" errors="0">
  <testcase name="addEmployeeRecord" time="0.618" classname="tests.TC01_addEmployee"/>
  <testcase name="addEmployeeRecord" time="0.522" classname="tests.TC01_addEmployee"/>
  <testcase name="addEmployeeRecord" time="0.546" classname="tests.TC01_addEmployee"/>
  <testcase name="addEmployeeRecord" time="0.619" classname="tests.TC01_addEmployee"/>
  <testcase name="addEmployeeRecord" time="0.503" classname="tests.TC01_addEmployee"/>
  <testcase name="addEmployeeRecord" time="0.509" classname="tests.TC01_addEmployee"/>
  <testcase name="addEmployeeRecord" time="0.479" classname="tests.TC01_addEmployee"/>
  <testcase name="addEmployeeRecord" time="0.513" classname="tests.TC01_addEmployee"/>
  <testcase name="addEmployeeRecord" time="0.515" classname="tests.TC01_addEmployee"/>
</testsuite> <!-- tests.TC01_addEmployee -->
