<?xml version="1.0" encoding="UTF-8"?>
<!-- Generated by org.testng.reporters.JUnitReportReporter -->
<testsuite skipped="0" hostname="abokhlaifa" name="tests.TC01_addEmployee" tests="9" failures="0" timestamp="31 Aug 2019 15:39:53 GMT" time="4.601" errors="0">
  <testcase name="addEmployeeRecord" time="0.510" classname="tests.TC01_addEmployee"/>
  <testcase name="addEmployeeRecord" time="0.511" classname="tests.TC01_addEmployee"/>
  <testcase name="addEmployeeRecord" time="0.603" classname="tests.TC01_addEmployee"/>
  <testcase name="addEmployeeRecord" time="0.436" classname="tests.TC01_addEmployee"/>
  <testcase name="addEmployeeRecord" time="0.508" classname="tests.TC01_addEmployee"/>
  <testcase name="addEmployeeRecord" time="0.537" classname="tests.TC01_addEmployee"/>
  <testcase name="addEmployeeRecord" time="0.475" classname="tests.TC01_addEmployee"/>
  <testcase name="addEmployeeRecord" time="0.508" classname="tests.TC01_addEmployee"/>
  <testcase name="addEmployeeRecord" time="0.513" classname="tests.TC01_addEmployee"/>
</testsuite> <!-- tests.TC01_addEmployee -->
