<?xml version="1.0" encoding="UTF-8"?>
<!-- Generated by org.testng.reporters.JUnitReportReporter -->
<testsuite skipped="0" hostname="abokhlaifa" name="tests.TC00_GetAllEmployees" tests="1" failures="0" timestamp="07 Sep 2019 10:20:57 GMT" time="0.047" errors="0">
  <testcase name="checkResponseBody" time="0.047" classname="tests.TC00_GetAllEmployees"/>
</testsuite> <!-- tests.TC00_GetAllEmployees -->
