<?xml version="1.0" encoding="UTF-8"?>
<!-- Generated by org.testng.reporters.JUnitReportReporter -->
<testsuite skipped="0" hostname="IT-DT035" name="tests.TC01_addEmployee" tests="9" failures="0" timestamp="04 Sep 2019 15:35:24 GMT" time="5.466" errors="0">
  <testcase name="addEmployeeRecord" time="0.404" classname="tests.TC01_addEmployee"/>
  <testcase name="addEmployeeRecord" time="0.408" classname="tests.TC01_addEmployee"/>
  <testcase name="addEmployeeRecord" time="1.123" classname="tests.TC01_addEmployee"/>
  <testcase name="addEmployeeRecord" time="0.401" classname="tests.TC01_addEmployee"/>
  <testcase name="addEmployeeRecord" time="0.411" classname="tests.TC01_addEmployee"/>
  <testcase name="addEmployeeRecord" time="1.439" classname="tests.TC01_addEmployee"/>
  <testcase name="addEmployeeRecord" time="0.413" classname="tests.TC01_addEmployee"/>
  <testcase name="addEmployeeRecord" time="0.464" classname="tests.TC01_addEmployee"/>
  <testcase name="addEmployeeRecord" time="0.403" classname="tests.TC01_addEmployee"/>
</testsuite> <!-- tests.TC01_addEmployee -->
