<?xml version="1.0" encoding="UTF-8"?>
<!-- Generated by org.testng.reporters.JUnitReportReporter -->
<testsuite skipped="0" hostname="abokhlaifa" name="services.sabreAuthenticate" tests="1" failures="0" timestamp="07 Sep 2019 11:47:55 GMT" time="0.248" errors="0">
  <testcase name="getTokenValue" time="0.248" classname="services.sabreAuthenticate"/>
</testsuite> <!-- services.sabreAuthenticate -->
