<?xml version="1.0" encoding="UTF-8"?>
<!-- Generated by org.testng.reporters.JUnitReportReporter -->
<testsuite skipped="0" hostname="abokhlaifa" name="tests.TC03_soapTest" tests="1" failures="0" timestamp="23 Sep 2019 21:18:45 GMT" time="2.029" errors="0">
  <testcase name="traverseXML" time="2.029" classname="tests.TC03_soapTest"/>
</testsuite> <!-- tests.TC03_soapTest -->
