<?xml version="1.0" encoding="UTF-8"?>
<!-- Generated by org.testng.reporters.JUnitReportReporter -->
<testsuite skipped="0" hostname="IT-DT035" name="tests.TC00_GetAllEmployees" tests="1" failures="0" timestamp="01 Sep 2019 10:53:04 GMT" time="0.181" errors="0">
  <testcase name="checkResponseBody" time="0.181" classname="tests.TC00_GetAllEmployees"/>
</testsuite> <!-- tests.TC00_GetAllEmployees -->
