<?xml version="1.0" encoding="UTF-8"?>
<!-- Generated by org.testng.reporters.JUnitReportReporter -->
<testsuite skipped="0" hostname="abokhlaifa" name="tests.TC01_addEmployee" tests="18" failures="0" timestamp="07 Sep 2019 20:43:54 GMT" time="9.574" errors="0">
  <testcase name="addEmployeeRecord" time="0.512" classname="tests.TC01_addEmployee"/>
  <testcase name="addEmployeeRecord" time="0.534" classname="tests.TC01_addEmployee"/>
  <testcase name="addEmployeeRecordHashMap" time="0.504" classname="tests.TC01_addEmployee"/>
  <testcase name="addEmployeeRecord" time="0.460" classname="tests.TC01_addEmployee"/>
  <testcase name="addEmployeeRecordHashMap" time="0.583" classname="tests.TC01_addEmployee"/>
  <testcase name="addEmployeeRecord" time="0.510" classname="tests.TC01_addEmployee"/>
  <testcase name="addEmployeeRecordHashMap" time="0.510" classname="tests.TC01_addEmployee"/>
  <testcase name="addEmployeeRecordHashMap" time="0.508" classname="tests.TC01_addEmployee"/>
  <testcase name="addEmployeeRecordHashMap" time="0.547" classname="tests.TC01_addEmployee"/>
  <testcase name="addEmployeeRecordHashMap" time="0.480" classname="tests.TC01_addEmployee"/>
  <testcase name="addEmployeeRecord" time="0.484" classname="tests.TC01_addEmployee"/>
  <testcase name="addEmployeeRecordHashMap" time="0.509" classname="tests.TC01_addEmployee"/>
  <testcase name="addEmployeeRecord" time="0.888" classname="tests.TC01_addEmployee"/>
  <testcase name="addEmployeeRecordHashMap" time="0.511" classname="tests.TC01_addEmployee"/>
  <testcase name="addEmployeeRecord" time="0.512" classname="tests.TC01_addEmployee"/>
  <testcase name="addEmployeeRecord" time="0.506" classname="tests.TC01_addEmployee"/>
  <testcase name="addEmployeeRecord" time="0.506" classname="tests.TC01_addEmployee"/>
  <testcase name="addEmployeeRecordHashMap" time="0.510" classname="tests.TC01_addEmployee"/>
</testsuite> <!-- tests.TC01_addEmployee -->
