<?xml version="1.0" encoding="UTF-8"?>
<!-- Generated by org.testng.reporters.JUnitReportReporter -->
<testsuite skipped="0" hostname="abokhlaifa" name="tests.TC01_addEmployee2" tests="18" failures="0" timestamp="22 Sep 2019 22:02:09 GMT" time="11.081" errors="0">
  <testcase name="addEmployeeRecord" time="0.458" classname="tests.TC01_addEmployee2"/>
  <testcase name="addEmployeeRecord" time="0.612" classname="tests.TC01_addEmployee2"/>
  <testcase name="addEmployeeRecordHashMap" time="0.507" classname="tests.TC01_addEmployee2"/>
  <testcase name="addEmployeeRecordHashMap" time="0.508" classname="tests.TC01_addEmployee2"/>
  <testcase name="addEmployeeRecord" time="0.538" classname="tests.TC01_addEmployee2"/>
  <testcase name="addEmployeeRecordHashMap" time="0.500" classname="tests.TC01_addEmployee2"/>
  <testcase name="addEmployeeRecord" time="0.564" classname="tests.TC01_addEmployee2"/>
  <testcase name="addEmployeeRecordHashMap" time="0.581" classname="tests.TC01_addEmployee2"/>
  <testcase name="addEmployeeRecord" time="1.637" classname="tests.TC01_addEmployee2"/>
  <testcase name="addEmployeeRecordHashMap" time="0.541" classname="tests.TC01_addEmployee2"/>
  <testcase name="addEmployeeRecordHashMap" time="0.735" classname="tests.TC01_addEmployee2"/>
  <testcase name="addEmployeeRecord" time="0.518" classname="tests.TC01_addEmployee2"/>
  <testcase name="addEmployeeRecord" time="0.539" classname="tests.TC01_addEmployee2"/>
  <testcase name="addEmployeeRecordHashMap" time="0.550" classname="tests.TC01_addEmployee2"/>
  <testcase name="addEmployeeRecord" time="0.584" classname="tests.TC01_addEmployee2"/>
  <testcase name="addEmployeeRecord" time="0.612" classname="tests.TC01_addEmployee2"/>
  <testcase name="addEmployeeRecordHashMap" time="0.515" classname="tests.TC01_addEmployee2"/>
  <testcase name="addEmployeeRecordHashMap" time="0.582" classname="tests.TC01_addEmployee2"/>
</testsuite> <!-- tests.TC01_addEmployee2 -->
