<?xml version="1.0" encoding="UTF-8"?>
<!-- Generated by org.testng.reporters.JUnitReportReporter -->
<testsuite skipped="0" hostname="IT-DT035" name="tests.TC01_addEmployee" tests="9" failures="0" timestamp="01 Sep 2019 09:10:34 GMT" time="3.902" errors="0">
  <testcase name="addEmployeeRecord" time="0.417" classname="tests.TC01_addEmployee"/>
  <testcase name="addEmployeeRecord" time="0.411" classname="tests.TC01_addEmployee"/>
  <testcase name="addEmployeeRecord" time="0.436" classname="tests.TC01_addEmployee"/>
  <testcase name="addEmployeeRecord" time="0.468" classname="tests.TC01_addEmployee"/>
  <testcase name="addEmployeeRecord" time="0.473" classname="tests.TC01_addEmployee"/>
  <testcase name="addEmployeeRecord" time="0.415" classname="tests.TC01_addEmployee"/>
  <testcase name="addEmployeeRecord" time="0.425" classname="tests.TC01_addEmployee"/>
  <testcase name="addEmployeeRecord" time="0.446" classname="tests.TC01_addEmployee"/>
  <testcase name="addEmployeeRecord" time="0.411" classname="tests.TC01_addEmployee"/>
</testsuite> <!-- tests.TC01_addEmployee -->
